running egg_info
writing build/IAS0220_246075IVSM/IAS0220_246075IVSM.egg-info/PKG-INFO
writing dependency_links to build/IAS0220_246075IVSM/IAS0220_246075IVSM.egg-info/dependency_links.txt
writing entry points to build/IAS0220_246075IVSM/IAS0220_246075IVSM.egg-info/entry_points.txt
writing requirements to build/IAS0220_246075IVSM/IAS0220_246075IVSM.egg-info/requires.txt
writing top-level names to build/IAS0220_246075IVSM/IAS0220_246075IVSM.egg-info/top_level.txt
reading manifest file 'build/IAS0220_246075IVSM/IAS0220_246075IVSM.egg-info/SOURCES.txt'
writing manifest file 'build/IAS0220_246075IVSM/IAS0220_246075IVSM.egg-info/SOURCES.txt'
running build
running build_py
running install
running install_lib
running install_data
copying launch/task2.launch.py -> /home/hamidjon/ros2_ws/src/IAS0220_246075IVSM/install/IAS0220_246075IVSM/share/IAS0220_246075IVSM/launch
copying urdf/differential_robot.urdf -> /home/hamidjon/ros2_ws/src/IAS0220_246075IVSM/install/IAS0220_246075IVSM/share/IAS0220_246075IVSM/urdf
copying config/task2_config.rviz -> /home/hamidjon/ros2_ws/src/IAS0220_246075IVSM/install/IAS0220_246075IVSM/share/IAS0220_246075IVSM/config
running install_egg_info
removing '/home/hamidjon/ros2_ws/src/IAS0220_246075IVSM/install/IAS0220_246075IVSM/lib/python3.10/site-packages/IAS0220_246075IVSM-0.0.0-py3.10.egg-info' (and everything under it)
Copying build/IAS0220_246075IVSM/IAS0220_246075IVSM.egg-info to /home/hamidjon/ros2_ws/src/IAS0220_246075IVSM/install/IAS0220_246075IVSM/lib/python3.10/site-packages/IAS0220_246075IVSM-0.0.0-py3.10.egg-info
running install_scripts
writing list of installed files to '/home/hamidjon/ros2_ws/src/IAS0220_246075IVSM/build/IAS0220_246075IVSM/install.log'
