[0.705s] Invoking command in '/home/hamidjon/ros2_ws/src/IAS0220_246075IVSM': PYTHONPATH=/home/hamidjon/ros2_ws/src/IAS0220_246075IVSM/build/IAS0220_246075IVSM/prefix_override:/usr/lib/python3/dist-packages/colcon_core/task/python/colcon_distutils_commands:/home/hamidjon/ros2_ws/src/IAS0220_246075IVSM/install/IAS0220_246075IVSM/lib/python3.10/site-packages:${PYTHONPATH} /usr/bin/python3 -W ignore:setup.py install is deprecated -W ignore:easy_install command is deprecated setup.py egg_info --egg-base build/IAS0220_246075IVSM build --build-base /home/hamidjon/ros2_ws/src/IAS0220_246075IVSM/build/IAS0220_246075IVSM/build install --record /home/hamidjon/ros2_ws/src/IAS0220_246075IVSM/build/IAS0220_246075IVSM/install.log --single-version-externally-managed install_data
[0.974s] running egg_info
[0.974s] writing build/IAS0220_246075IVSM/IAS0220_246075IVSM.egg-info/PKG-INFO
[0.975s] writing dependency_links to build/IAS0220_246075IVSM/IAS0220_246075IVSM.egg-info/dependency_links.txt
[0.975s] writing entry points to build/IAS0220_246075IVSM/IAS0220_246075IVSM.egg-info/entry_points.txt
[0.975s] writing requirements to build/IAS0220_246075IVSM/IAS0220_246075IVSM.egg-info/requires.txt
[0.975s] writing top-level names to build/IAS0220_246075IVSM/IAS0220_246075IVSM.egg-info/top_level.txt
[0.977s] reading manifest file 'build/IAS0220_246075IVSM/IAS0220_246075IVSM.egg-info/SOURCES.txt'
[0.980s] writing manifest file 'build/IAS0220_246075IVSM/IAS0220_246075IVSM.egg-info/SOURCES.txt'
[0.980s] running build
[0.980s] running build_py
[0.980s] running install
[0.981s] running install_lib
[0.982s] running install_data
[0.982s] copying package.xml -> /home/hamidjon/ros2_ws/src/IAS0220_246075IVSM/install/IAS0220_246075IVSM/share/IAS0220_246075IVSM
[0.982s] running install_egg_info
[0.984s] removing '/home/hamidjon/ros2_ws/src/IAS0220_246075IVSM/install/IAS0220_246075IVSM/lib/python3.10/site-packages/IAS0220_246075IVSM-0.0.0-py3.10.egg-info' (and everything under it)
[0.985s] Copying build/IAS0220_246075IVSM/IAS0220_246075IVSM.egg-info to /home/hamidjon/ros2_ws/src/IAS0220_246075IVSM/install/IAS0220_246075IVSM/lib/python3.10/site-packages/IAS0220_246075IVSM-0.0.0-py3.10.egg-info
[0.986s] running install_scripts
[1.004s] writing list of installed files to '/home/hamidjon/ros2_ws/src/IAS0220_246075IVSM/build/IAS0220_246075IVSM/install.log'
[1.037s] Invoked command in '/home/hamidjon/ros2_ws/src/IAS0220_246075IVSM' returned '0': PYTHONPATH=/home/hamidjon/ros2_ws/src/IAS0220_246075IVSM/build/IAS0220_246075IVSM/prefix_override:/usr/lib/python3/dist-packages/colcon_core/task/python/colcon_distutils_commands:/home/hamidjon/ros2_ws/src/IAS0220_246075IVSM/install/IAS0220_246075IVSM/lib/python3.10/site-packages:${PYTHONPATH} /usr/bin/python3 -W ignore:setup.py install is deprecated -W ignore:easy_install command is deprecated setup.py egg_info --egg-base build/IAS0220_246075IVSM build --build-base /home/hamidjon/ros2_ws/src/IAS0220_246075IVSM/build/IAS0220_246075IVSM/build install --record /home/hamidjon/ros2_ws/src/IAS0220_246075IVSM/build/IAS0220_246075IVSM/install.log --single-version-externally-managed install_data
