running egg_info
creating build/IAS0220_246075IVSM/IAS0220_246075IVSM.egg-info
writing build/IAS0220_246075IVSM/IAS0220_246075IVSM.egg-info/PKG-INFO
writing dependency_links to build/IAS0220_246075IVSM/IAS0220_246075IVSM.egg-info/dependency_links.txt
writing entry points to build/IAS0220_246075IVSM/IAS0220_246075IVSM.egg-info/entry_points.txt
writing requirements to build/IAS0220_246075IVSM/IAS0220_246075IVSM.egg-info/requires.txt
writing top-level names to build/IAS0220_246075IVSM/IAS0220_246075IVSM.egg-info/top_level.txt
writing manifest file 'build/IAS0220_246075IVSM/IAS0220_246075IVSM.egg-info/SOURCES.txt'
reading manifest file 'build/IAS0220_246075IVSM/IAS0220_246075IVSM.egg-info/SOURCES.txt'
writing manifest file 'build/IAS0220_246075IVSM/IAS0220_246075IVSM.egg-info/SOURCES.txt'
running build
running build_py
creating /home/hamidjon/ros2_ws/src/IAS0220_246075IVSM/build/IAS0220_246075IVSM/build
creating /home/hamidjon/ros2_ws/src/IAS0220_246075IVSM/build/IAS0220_246075IVSM/build/lib
creating /home/hamidjon/ros2_ws/src/IAS0220_246075IVSM/build/IAS0220_246075IVSM/build/lib/IAS0220_246075IVSM
copying IAS0220_246075IVSM/__init__.py -> /home/hamidjon/ros2_ws/src/IAS0220_246075IVSM/build/IAS0220_246075IVSM/build/lib/IAS0220_246075IVSM
running install
running install_lib
creating /home/hamidjon/ros2_ws/src/IAS0220_246075IVSM/install/IAS0220_246075IVSM/lib/python3.10/site-packages/IAS0220_246075IVSM
copying /home/hamidjon/ros2_ws/src/IAS0220_246075IVSM/build/IAS0220_246075IVSM/build/lib/IAS0220_246075IVSM/__init__.py -> /home/hamidjon/ros2_ws/src/IAS0220_246075IVSM/install/IAS0220_246075IVSM/lib/python3.10/site-packages/IAS0220_246075IVSM
byte-compiling /home/hamidjon/ros2_ws/src/IAS0220_246075IVSM/install/IAS0220_246075IVSM/lib/python3.10/site-packages/IAS0220_246075IVSM/__init__.py to __init__.cpython-310.pyc
running install_data
creating /home/hamidjon/ros2_ws/src/IAS0220_246075IVSM/install/IAS0220_246075IVSM/share/ament_index
creating /home/hamidjon/ros2_ws/src/IAS0220_246075IVSM/install/IAS0220_246075IVSM/share/ament_index/resource_index
creating /home/hamidjon/ros2_ws/src/IAS0220_246075IVSM/install/IAS0220_246075IVSM/share/ament_index/resource_index/packages
copying resource/IAS0220_246075IVSM -> /home/hamidjon/ros2_ws/src/IAS0220_246075IVSM/install/IAS0220_246075IVSM/share/ament_index/resource_index/packages
copying package.xml -> /home/hamidjon/ros2_ws/src/IAS0220_246075IVSM/install/IAS0220_246075IVSM/share/IAS0220_246075IVSM
running install_egg_info
Copying build/IAS0220_246075IVSM/IAS0220_246075IVSM.egg-info to /home/hamidjon/ros2_ws/src/IAS0220_246075IVSM/install/IAS0220_246075IVSM/lib/python3.10/site-packages/IAS0220_246075IVSM-0.0.0-py3.10.egg-info
running install_scripts
writing list of installed files to '/home/hamidjon/ros2_ws/src/IAS0220_246075IVSM/build/IAS0220_246075IVSM/install.log'
