[0.538s] Invoking command in '/home/hamidjon/ros2_ws/src/IAS0220_246075IVSM': PYTHONPATH=/home/hamidjon/ros2_ws/src/IAS0220_246075IVSM/build/IAS0220_246075IVSM/prefix_override:/usr/lib/python3/dist-packages/colcon_core/task/python/colcon_distutils_commands:/home/hamidjon/ros2_ws/src/IAS0220_246075IVSM/install/IAS0220_246075IVSM/lib/python3.10/site-packages:${PYTHONPATH} /usr/bin/python3 -W ignore:setup.py install is deprecated -W ignore:easy_install command is deprecated setup.py egg_info --egg-base build/IAS0220_246075IVSM build --build-base /home/hamidjon/ros2_ws/src/IAS0220_246075IVSM/build/IAS0220_246075IVSM/build install --record /home/hamidjon/ros2_ws/src/IAS0220_246075IVSM/build/IAS0220_246075IVSM/install.log --single-version-externally-managed install_data
[0.732s] running egg_info
[0.732s] creating build/IAS0220_246075IVSM/IAS0220_246075IVSM.egg-info
[0.732s] writing build/IAS0220_246075IVSM/IAS0220_246075IVSM.egg-info/PKG-INFO
[0.733s] writing dependency_links to build/IAS0220_246075IVSM/IAS0220_246075IVSM.egg-info/dependency_links.txt
[0.733s] writing entry points to build/IAS0220_246075IVSM/IAS0220_246075IVSM.egg-info/entry_points.txt
[0.733s] writing requirements to build/IAS0220_246075IVSM/IAS0220_246075IVSM.egg-info/requires.txt
[0.733s] writing top-level names to build/IAS0220_246075IVSM/IAS0220_246075IVSM.egg-info/top_level.txt
[0.733s] writing manifest file 'build/IAS0220_246075IVSM/IAS0220_246075IVSM.egg-info/SOURCES.txt'
[0.735s] reading manifest file 'build/IAS0220_246075IVSM/IAS0220_246075IVSM.egg-info/SOURCES.txt'
[0.735s] writing manifest file 'build/IAS0220_246075IVSM/IAS0220_246075IVSM.egg-info/SOURCES.txt'
[0.736s] running build
[0.736s] running build_py
[0.736s] creating /home/hamidjon/ros2_ws/src/IAS0220_246075IVSM/build/IAS0220_246075IVSM/build
[0.736s] creating /home/hamidjon/ros2_ws/src/IAS0220_246075IVSM/build/IAS0220_246075IVSM/build/lib
[0.736s] creating /home/hamidjon/ros2_ws/src/IAS0220_246075IVSM/build/IAS0220_246075IVSM/build/lib/IAS0220_246075IVSM
[0.736s] copying IAS0220_246075IVSM/__init__.py -> /home/hamidjon/ros2_ws/src/IAS0220_246075IVSM/build/IAS0220_246075IVSM/build/lib/IAS0220_246075IVSM
[0.736s] running install
[0.736s] running install_lib
[0.737s] creating /home/hamidjon/ros2_ws/src/IAS0220_246075IVSM/install/IAS0220_246075IVSM/lib/python3.10/site-packages/IAS0220_246075IVSM
[0.737s] copying /home/hamidjon/ros2_ws/src/IAS0220_246075IVSM/build/IAS0220_246075IVSM/build/lib/IAS0220_246075IVSM/__init__.py -> /home/hamidjon/ros2_ws/src/IAS0220_246075IVSM/install/IAS0220_246075IVSM/lib/python3.10/site-packages/IAS0220_246075IVSM
[0.737s] byte-compiling /home/hamidjon/ros2_ws/src/IAS0220_246075IVSM/install/IAS0220_246075IVSM/lib/python3.10/site-packages/IAS0220_246075IVSM/__init__.py to __init__.cpython-310.pyc
[0.738s] running install_data
[0.738s] creating /home/hamidjon/ros2_ws/src/IAS0220_246075IVSM/install/IAS0220_246075IVSM/share/ament_index
[0.738s] creating /home/hamidjon/ros2_ws/src/IAS0220_246075IVSM/install/IAS0220_246075IVSM/share/ament_index/resource_index
[0.738s] creating /home/hamidjon/ros2_ws/src/IAS0220_246075IVSM/install/IAS0220_246075IVSM/share/ament_index/resource_index/packages
[0.738s] copying resource/IAS0220_246075IVSM -> /home/hamidjon/ros2_ws/src/IAS0220_246075IVSM/install/IAS0220_246075IVSM/share/ament_index/resource_index/packages
[0.738s] copying package.xml -> /home/hamidjon/ros2_ws/src/IAS0220_246075IVSM/install/IAS0220_246075IVSM/share/IAS0220_246075IVSM
[0.738s] running install_egg_info
[0.740s] Copying build/IAS0220_246075IVSM/IAS0220_246075IVSM.egg-info to /home/hamidjon/ros2_ws/src/IAS0220_246075IVSM/install/IAS0220_246075IVSM/lib/python3.10/site-packages/IAS0220_246075IVSM-0.0.0-py3.10.egg-info
[0.740s] running install_scripts
[0.758s] writing list of installed files to '/home/hamidjon/ros2_ws/src/IAS0220_246075IVSM/build/IAS0220_246075IVSM/install.log'
[0.773s] Invoked command in '/home/hamidjon/ros2_ws/src/IAS0220_246075IVSM' returned '0': PYTHONPATH=/home/hamidjon/ros2_ws/src/IAS0220_246075IVSM/build/IAS0220_246075IVSM/prefix_override:/usr/lib/python3/dist-packages/colcon_core/task/python/colcon_distutils_commands:/home/hamidjon/ros2_ws/src/IAS0220_246075IVSM/install/IAS0220_246075IVSM/lib/python3.10/site-packages:${PYTHONPATH} /usr/bin/python3 -W ignore:setup.py install is deprecated -W ignore:easy_install command is deprecated setup.py egg_info --egg-base build/IAS0220_246075IVSM build --build-base /home/hamidjon/ros2_ws/src/IAS0220_246075IVSM/build/IAS0220_246075IVSM/build install --record /home/hamidjon/ros2_ws/src/IAS0220_246075IVSM/build/IAS0220_246075IVSM/install.log --single-version-externally-managed install_data
