[0.187s] DEBUG:colcon:Command line arguments: ['/usr/bin/colcon', 'build']
[0.187s] DEBUG:colcon:Parsed command line arguments: Namespace(log_base=None, log_level=None, verb_name='build', build_base='build', install_base='install', merge_install=False, symlink_install=False, test_result_base=None, continue_on_error=False, executor='parallel', parallel_workers=12, event_handlers=None, ignore_user_meta=False, metas=['./colcon.meta'], base_paths=['.'], packages_ignore=None, packages_ignore_regex=None, paths=None, packages_up_to=None, packages_up_to_regex=None, packages_above=None, packages_above_and_dependencies=None, packages_above_depth=None, packages_select_by_dep=None, packages_skip_by_dep=None, packages_skip_up_to=None, packages_select_build_failed=False, packages_skip_build_finished=False, packages_select_test_failures=False, packages_skip_test_passed=False, packages_select=None, packages_skip=None, packages_select_regex=None, packages_skip_regex=None, packages_start=None, packages_end=None, allow_overriding=[], cmake_args=None, cmake_target=None, cmake_target_skip_unavailable=False, cmake_clean_cache=False, cmake_clean_first=False, cmake_force_configure=False, ament_cmake_args=None, catkin_cmake_args=None, catkin_skip_building_tests=False, mixin_files=None, mixin=None, verb_parser=<colcon_mixin.mixin.mixin_argument.MixinArgumentDecorator object at 0x743e9625dc60>, verb_extension=<colcon_core.verb.build.BuildVerb object at 0x743e9625cdf0>, main=<bound method BuildVerb.main of <colcon_core.verb.build.BuildVerb object at 0x743e9625cdf0>>, mixin_verb=('build',))
[0.408s] Level 1:colcon.colcon_core.package_discovery:discover_packages(colcon_meta) check parameters
[0.408s] Level 1:colcon.colcon_core.package_discovery:discover_packages(recursive) check parameters
[0.408s] Level 1:colcon.colcon_core.package_discovery:discover_packages(ignore) check parameters
[0.408s] Level 1:colcon.colcon_core.package_discovery:discover_packages(path) check parameters
[0.408s] Level 1:colcon.colcon_core.package_discovery:discover_packages(colcon_meta) discover
[0.408s] Level 1:colcon.colcon_core.package_discovery:discover_packages(recursive) discover
[0.408s] INFO:colcon.colcon_core.package_discovery:Crawling recursively for packages in '/home/hamidjon/ros2_ws/src/IAS0220_246075IVSM'
[0.408s] Level 1:colcon.colcon_core.package_identification:_identify(.) by extensions ['ignore', 'ignore_ament_install']
[0.408s] Level 1:colcon.colcon_core.package_identification:_identify(.) by extension 'ignore'
[0.408s] Level 1:colcon.colcon_core.package_identification:_identify(.) by extension 'ignore_ament_install'
[0.408s] Level 1:colcon.colcon_core.package_identification:_identify(.) by extensions ['colcon_pkg']
[0.408s] Level 1:colcon.colcon_core.package_identification:_identify(.) by extension 'colcon_pkg'
[0.408s] Level 1:colcon.colcon_core.package_identification:_identify(.) by extensions ['colcon_meta']
[0.408s] Level 1:colcon.colcon_core.package_identification:_identify(.) by extension 'colcon_meta'
[0.409s] Level 1:colcon.colcon_core.package_identification:_identify(.) by extensions ['ros']
[0.409s] Level 1:colcon.colcon_core.package_identification:_identify(.) by extension 'ros'
[0.424s] DEBUG:colcon.colcon_core.package_identification:Package '.' with type 'ros.ament_python' and name 'IAS0220_246075IVSM'
[0.424s] Level 1:colcon.colcon_core.package_discovery:discover_packages(recursive) using defaults
[0.424s] Level 1:colcon.colcon_core.package_discovery:discover_packages(ignore) discover
[0.425s] Level 1:colcon.colcon_core.package_discovery:discover_packages(ignore) using defaults
[0.425s] Level 1:colcon.colcon_core.package_discovery:discover_packages(path) discover
[0.425s] Level 1:colcon.colcon_core.package_discovery:discover_packages(path) using defaults
[0.471s] Level 1:colcon.colcon_core.package_discovery:discover_packages(prefix_path) check parameters
[0.471s] Level 1:colcon.colcon_core.package_discovery:discover_packages(prefix_path) discover
[0.475s] DEBUG:colcon.colcon_installed_package_information.package_discovery:Found 301 installed packages in /opt/ros/humble
[0.476s] Level 1:colcon.colcon_core.package_discovery:discover_packages(prefix_path) using defaults
[0.518s] Level 5:colcon.colcon_core.verb:set package 'IAS0220_246075IVSM' build argument 'cmake_args' from command line to 'None'
[0.518s] Level 5:colcon.colcon_core.verb:set package 'IAS0220_246075IVSM' build argument 'cmake_target' from command line to 'None'
[0.518s] Level 5:colcon.colcon_core.verb:set package 'IAS0220_246075IVSM' build argument 'cmake_target_skip_unavailable' from command line to 'False'
[0.518s] Level 5:colcon.colcon_core.verb:set package 'IAS0220_246075IVSM' build argument 'cmake_clean_cache' from command line to 'False'
[0.518s] Level 5:colcon.colcon_core.verb:set package 'IAS0220_246075IVSM' build argument 'cmake_clean_first' from command line to 'False'
[0.518s] Level 5:colcon.colcon_core.verb:set package 'IAS0220_246075IVSM' build argument 'cmake_force_configure' from command line to 'False'
[0.518s] Level 5:colcon.colcon_core.verb:set package 'IAS0220_246075IVSM' build argument 'ament_cmake_args' from command line to 'None'
[0.518s] Level 5:colcon.colcon_core.verb:set package 'IAS0220_246075IVSM' build argument 'catkin_cmake_args' from command line to 'None'
[0.518s] Level 5:colcon.colcon_core.verb:set package 'IAS0220_246075IVSM' build argument 'catkin_skip_building_tests' from command line to 'False'
[0.518s] DEBUG:colcon.colcon_core.verb:Building package 'IAS0220_246075IVSM' with the following arguments: {'ament_cmake_args': None, 'build_base': '/home/hamidjon/ros2_ws/src/IAS0220_246075IVSM/build/IAS0220_246075IVSM', 'catkin_cmake_args': None, 'catkin_skip_building_tests': False, 'cmake_args': None, 'cmake_clean_cache': False, 'cmake_clean_first': False, 'cmake_force_configure': False, 'cmake_target': None, 'cmake_target_skip_unavailable': False, 'install_base': '/home/hamidjon/ros2_ws/src/IAS0220_246075IVSM/install/IAS0220_246075IVSM', 'merge_install': False, 'path': '/home/hamidjon/ros2_ws/src/IAS0220_246075IVSM', 'symlink_install': False, 'test_result_base': None}
[0.519s] INFO:colcon.colcon_core.executor:Executing jobs using 'parallel' executor
[0.520s] DEBUG:colcon.colcon_parallel_executor.executor.parallel:run_until_complete
[0.520s] INFO:colcon.colcon_ros.task.ament_python.build:Building ROS package in '/home/hamidjon/ros2_ws/src/IAS0220_246075IVSM' with build type 'ament_python'
[0.521s] Level 1:colcon.colcon_core.shell:create_environment_hook('IAS0220_246075IVSM', 'ament_prefix_path')
[0.524s] INFO:colcon.colcon_core.plugin_system:Skipping extension 'colcon_core.shell.bat': Not used on non-Windows systems
[0.525s] INFO:colcon.colcon_core.shell:Creating environment hook '/home/hamidjon/ros2_ws/src/IAS0220_246075IVSM/install/IAS0220_246075IVSM/share/IAS0220_246075IVSM/hook/ament_prefix_path.ps1'
[0.525s] INFO:colcon.colcon_core.shell:Creating environment descriptor '/home/hamidjon/ros2_ws/src/IAS0220_246075IVSM/install/IAS0220_246075IVSM/share/IAS0220_246075IVSM/hook/ament_prefix_path.dsv'
[0.526s] INFO:colcon.colcon_core.shell:Creating environment hook '/home/hamidjon/ros2_ws/src/IAS0220_246075IVSM/install/IAS0220_246075IVSM/share/IAS0220_246075IVSM/hook/ament_prefix_path.sh'
[0.528s] INFO:colcon.colcon_core.shell:Skip shell extension 'powershell' for command environment: Not usable outside of PowerShell
[0.528s] DEBUG:colcon.colcon_core.shell:Skip shell extension 'dsv' for command environment
[0.834s] INFO:colcon.colcon_core.task.python.build:Building Python package in '/home/hamidjon/ros2_ws/src/IAS0220_246075IVSM'
[0.834s] INFO:colcon.colcon_core.shell:Skip shell extension 'powershell' for command environment: Not usable outside of PowerShell
[0.835s] DEBUG:colcon.colcon_core.shell:Skip shell extension 'dsv' for command environment
[1.226s] DEBUG:colcon.colcon_core.event_handler.log_command:Invoking command in '/home/hamidjon/ros2_ws/src/IAS0220_246075IVSM': PYTHONPATH=/home/hamidjon/ros2_ws/src/IAS0220_246075IVSM/build/IAS0220_246075IVSM/prefix_override:/usr/lib/python3/dist-packages/colcon_core/task/python/colcon_distutils_commands:/home/hamidjon/ros2_ws/src/IAS0220_246075IVSM/install/IAS0220_246075IVSM/lib/python3.10/site-packages:${PYTHONPATH} /usr/bin/python3 -W ignore:setup.py install is deprecated -W ignore:easy_install command is deprecated setup.py egg_info --egg-base build/IAS0220_246075IVSM build --build-base /home/hamidjon/ros2_ws/src/IAS0220_246075IVSM/build/IAS0220_246075IVSM/build install --record /home/hamidjon/ros2_ws/src/IAS0220_246075IVSM/build/IAS0220_246075IVSM/install.log --single-version-externally-managed install_data
[1.558s] DEBUG:colcon.colcon_core.event_handler.log_command:Invoked command in '/home/hamidjon/ros2_ws/src/IAS0220_246075IVSM' returned '0': PYTHONPATH=/home/hamidjon/ros2_ws/src/IAS0220_246075IVSM/build/IAS0220_246075IVSM/prefix_override:/usr/lib/python3/dist-packages/colcon_core/task/python/colcon_distutils_commands:/home/hamidjon/ros2_ws/src/IAS0220_246075IVSM/install/IAS0220_246075IVSM/lib/python3.10/site-packages:${PYTHONPATH} /usr/bin/python3 -W ignore:setup.py install is deprecated -W ignore:easy_install command is deprecated setup.py egg_info --egg-base build/IAS0220_246075IVSM build --build-base /home/hamidjon/ros2_ws/src/IAS0220_246075IVSM/build/IAS0220_246075IVSM/build install --record /home/hamidjon/ros2_ws/src/IAS0220_246075IVSM/build/IAS0220_246075IVSM/install.log --single-version-externally-managed install_data
[1.563s] Level 1:colcon.colcon_core.environment:checking '/home/hamidjon/ros2_ws/src/IAS0220_246075IVSM/install/IAS0220_246075IVSM' for CMake module files
[1.563s] Level 1:colcon.colcon_core.environment:checking '/home/hamidjon/ros2_ws/src/IAS0220_246075IVSM/install/IAS0220_246075IVSM' for CMake config files
[1.564s] Level 1:colcon.colcon_core.environment:checking '/home/hamidjon/ros2_ws/src/IAS0220_246075IVSM/install/IAS0220_246075IVSM/lib'
[1.564s] Level 1:colcon.colcon_core.environment:checking '/home/hamidjon/ros2_ws/src/IAS0220_246075IVSM/install/IAS0220_246075IVSM/bin'
[1.564s] Level 1:colcon.colcon_core.environment:checking '/home/hamidjon/ros2_ws/src/IAS0220_246075IVSM/install/IAS0220_246075IVSM/lib/pkgconfig/IAS0220_246075IVSM.pc'
[1.565s] Level 1:colcon.colcon_core.environment:checking '/home/hamidjon/ros2_ws/src/IAS0220_246075IVSM/install/IAS0220_246075IVSM/lib/python3.10/site-packages'
[1.565s] Level 1:colcon.colcon_core.shell:create_environment_hook('IAS0220_246075IVSM', 'pythonpath')
[1.565s] INFO:colcon.colcon_core.shell:Creating environment hook '/home/hamidjon/ros2_ws/src/IAS0220_246075IVSM/install/IAS0220_246075IVSM/share/IAS0220_246075IVSM/hook/pythonpath.ps1'
[1.566s] INFO:colcon.colcon_core.shell:Creating environment descriptor '/home/hamidjon/ros2_ws/src/IAS0220_246075IVSM/install/IAS0220_246075IVSM/share/IAS0220_246075IVSM/hook/pythonpath.dsv'
[1.566s] INFO:colcon.colcon_core.shell:Creating environment hook '/home/hamidjon/ros2_ws/src/IAS0220_246075IVSM/install/IAS0220_246075IVSM/share/IAS0220_246075IVSM/hook/pythonpath.sh'
[1.567s] Level 1:colcon.colcon_core.environment:checking '/home/hamidjon/ros2_ws/src/IAS0220_246075IVSM/install/IAS0220_246075IVSM/bin'
[1.567s] Level 1:colcon.colcon_core.environment:create_environment_scripts_only(IAS0220_246075IVSM)
[1.567s] INFO:colcon.colcon_core.shell:Creating package script '/home/hamidjon/ros2_ws/src/IAS0220_246075IVSM/install/IAS0220_246075IVSM/share/IAS0220_246075IVSM/package.ps1'
[1.568s] INFO:colcon.colcon_core.shell:Creating package descriptor '/home/hamidjon/ros2_ws/src/IAS0220_246075IVSM/install/IAS0220_246075IVSM/share/IAS0220_246075IVSM/package.dsv'
[1.569s] INFO:colcon.colcon_core.shell:Creating package script '/home/hamidjon/ros2_ws/src/IAS0220_246075IVSM/install/IAS0220_246075IVSM/share/IAS0220_246075IVSM/package.sh'
[1.570s] INFO:colcon.colcon_core.shell:Creating package script '/home/hamidjon/ros2_ws/src/IAS0220_246075IVSM/install/IAS0220_246075IVSM/share/IAS0220_246075IVSM/package.bash'
[1.571s] INFO:colcon.colcon_core.shell:Creating package script '/home/hamidjon/ros2_ws/src/IAS0220_246075IVSM/install/IAS0220_246075IVSM/share/IAS0220_246075IVSM/package.zsh'
[1.572s] Level 1:colcon.colcon_core.environment:create_file_with_runtime_dependencies(/home/hamidjon/ros2_ws/src/IAS0220_246075IVSM/install/IAS0220_246075IVSM/share/colcon-core/packages/IAS0220_246075IVSM)
[1.572s] DEBUG:colcon.colcon_parallel_executor.executor.parallel:closing loop
[1.572s] DEBUG:colcon.colcon_parallel_executor.executor.parallel:loop closed
[1.573s] DEBUG:colcon.colcon_parallel_executor.executor.parallel:run_until_complete finished with '0'
[1.573s] DEBUG:colcon.colcon_core.event_reactor:joining thread
[1.581s] INFO:colcon.colcon_core.plugin_system:Skipping extension 'colcon_notification.desktop_notification.terminal_notifier': Not used on non-Darwin systems
[1.581s] INFO:colcon.colcon_core.plugin_system:Skipping extension 'colcon_notification.desktop_notification.win32': Not used on non-Windows systems
[1.581s] INFO:colcon.colcon_notification.desktop_notification:Sending desktop notification using 'notify2'
[1.615s] DEBUG:colcon.colcon_core.event_reactor:joined thread
[1.616s] INFO:colcon.colcon_core.shell:Creating prefix script '/home/hamidjon/ros2_ws/src/IAS0220_246075IVSM/install/local_setup.ps1'
[1.617s] INFO:colcon.colcon_core.shell:Creating prefix util module '/home/hamidjon/ros2_ws/src/IAS0220_246075IVSM/install/_local_setup_util_ps1.py'
[1.619s] INFO:colcon.colcon_core.shell:Creating prefix chain script '/home/hamidjon/ros2_ws/src/IAS0220_246075IVSM/install/setup.ps1'
[1.621s] INFO:colcon.colcon_core.shell:Creating prefix script '/home/hamidjon/ros2_ws/src/IAS0220_246075IVSM/install/local_setup.sh'
[1.621s] INFO:colcon.colcon_core.shell:Creating prefix util module '/home/hamidjon/ros2_ws/src/IAS0220_246075IVSM/install/_local_setup_util_sh.py'
[1.622s] INFO:colcon.colcon_core.shell:Creating prefix chain script '/home/hamidjon/ros2_ws/src/IAS0220_246075IVSM/install/setup.sh'
[1.623s] INFO:colcon.colcon_core.shell:Creating prefix script '/home/hamidjon/ros2_ws/src/IAS0220_246075IVSM/install/local_setup.bash'
[1.624s] INFO:colcon.colcon_core.shell:Creating prefix chain script '/home/hamidjon/ros2_ws/src/IAS0220_246075IVSM/install/setup.bash'
[1.625s] INFO:colcon.colcon_core.shell:Creating prefix script '/home/hamidjon/ros2_ws/src/IAS0220_246075IVSM/install/local_setup.zsh'
[1.626s] INFO:colcon.colcon_core.shell:Creating prefix chain script '/home/hamidjon/ros2_ws/src/IAS0220_246075IVSM/install/setup.zsh'
